npm WARN package.json 01_Anonymous_Notes@1.0.0 No description
npm WARN package.json 01_Anonymous_Notes@1.0.0 No repository field.
npm WARN package.json 01_Anonymous_Notes@1.0.0 No README data
body-parser@1.17.2 node_modules/body-parser
├── content-type@1.0.2
├── bytes@2.4.0
├── depd@1.1.0
├── qs@6.4.0
├── on-finished@2.3.0 (ee-first@1.1.1)
├── raw-body@2.2.0 (unpipe@1.0.0)
├── http-errors@1.6.1 (setprototypeof@1.0.3, inherits@2.0.3, statuses@1.3.1)
├── debug@2.6.7 (ms@2.0.0)
├── iconv-lite@0.4.15
└── type-is@1.6.15 (media-typer@0.3.0, mime-types@2.1.15)

express@4.15.3 node_modules/express
├── setprototypeof@1.0.3
├── escape-html@1.0.3
├── array-flatten@1.1.1
├── utils-merge@1.0.0
├── cookie-signature@1.0.6
├── encodeurl@1.0.1
├── methods@1.1.2
├── merge-descriptors@1.0.1
├── content-type@1.0.2
├── cookie@0.3.1
├── fresh@0.5.0
├── etag@1.8.0
├── content-disposition@0.5.2
├── parseurl@1.3.1
├── vary@1.1.1
├── serve-static@1.12.3
├── range-parser@1.2.0
├── path-to-regexp@0.1.7
├── statuses@1.3.1
├── depd@1.1.0
├── on-finished@2.3.0 (ee-first@1.1.1)
├── qs@6.4.0
├── finalhandler@1.0.3 (unpipe@1.0.0)
├── proxy-addr@1.1.4 (forwarded@0.1.0, ipaddr.js@1.3.0)
├── debug@2.6.7 (ms@2.0.0)
├── send@0.15.3 (destroy@1.0.4, ms@2.0.0, mime@1.3.4, http-errors@1.6.1)
├── type-is@1.6.15 (media-typer@0.3.0, mime-types@2.1.15)
└── accepts@1.3.3 (negotiator@0.6.1, mime-types@2.1.15)

mongoose@4.10.6 node_modules/mongoose
├── ms@2.0.0
├── sliced@1.0.1
├── hooks-fixed@2.0.0
├── regexp-clone@0.0.1
├── muri@1.2.1
├── mpromise@0.5.5
├── kareem@1.4.1
├── mpath@0.3.0
├── bson@1.0.4
├── mquery@2.3.1 (debug@2.6.8, sliced@0.0.5, bluebird@2.10.2)
├── mongodb@2.2.27 (es6-promise@3.2.1, readable-stream@2.2.7, mongodb-core@2.1.11)
└── async@2.1.4 (lodash@4.17.4)
